<?xml version="1.0" encoding="UTF-8"?>
<!-- Generated by org.testng.reporters.JUnitXMLReporter -->
<testsuite ignored="0" hostname="HarPalDiv" failures="0" tests="3" name="FreeCRM" time="7.833" errors="0" timestamp="2023-05-15T15:54:51 IST">
  <testcase classname="com.crm.qa.testcases.LoginPageTest" name="@BeforeMethod setUp" time="7.653">
    <failure type="java.lang.ClassCastException" message="class org.openqa.selenium.support.events.EventFiringWebDriver cannot be cast to class org.openqa.selenium.remote.RemoteWebDriver (org.openqa.selenium.support.events.EventFiringWebDriver and org.openqa.selenium.remote.RemoteWebDriver are in unnamed module of loader &amp;apos;app&amp;apos;)">
      <![CDATA[java.lang.ClassCastException: class org.openqa.selenium.support.events.EventFiringWebDriver cannot be cast to class org.openqa.selenium.remote.RemoteWebDriver (org.openqa.selenium.support.events.EventFiringWebDriver and org.openqa.selenium.remote.RemoteWebDriver are in unnamed module of loader 'app')
at com.crm.qa.base.TestBase.initialization(TestBase.java:92)
at com.crm.qa.testcases.LoginPageTest.setUp(LoginPageTest.java:26)
at java.base/java.util.ArrayList.forEach(ArrayList.java:1511)
... Removed 29 stack frames]]>
    </failure>
  </testcase> <!-- @BeforeMethod setUp -->
  <testcase classname="com.crm.qa.testcases.LoginPageTest" name="@AfterMethod screenshotCapture" time="-1.684146291549E9">
    <skipped/>
  </testcase> <!-- @AfterMethod screenshotCapture -->
  <testcase classname="com.crm.qa.testcases.LoginPageTest" name="@AfterMethod tearDown" time="-1.684146291552E9">
    <skipped/>
  </testcase> <!-- @AfterMethod tearDown -->
  <testcase classname="com.crm.qa.base.TestBase" name="@AfterMethod checkStatus" time="-1.684146291555E9">
    <skipped/>
  </testcase> <!-- @AfterMethod checkStatus -->
  <testcase classname="com.crm.qa.testcases.LoginPageTest" name="@BeforeMethod setUp" time="-1.684146291563E9">
    <skipped/>
  </testcase> <!-- @BeforeMethod setUp -->
  <testcase classname="com.crm.qa.testcases.LoginPageTest" name="@AfterMethod screenshotCapture" time="-1.684146291593E9">
    <skipped/>
  </testcase> <!-- @AfterMethod screenshotCapture -->
  <testcase classname="com.crm.qa.testcases.LoginPageTest" name="@AfterMethod tearDown" time="-1.6841462916E9">
    <skipped/>
  </testcase> <!-- @AfterMethod tearDown -->
  <testcase classname="com.crm.qa.base.TestBase" name="@AfterMethod checkStatus" time="-1.684146291606E9">
    <skipped/>
  </testcase> <!-- @AfterMethod checkStatus -->
  <testcase classname="com.crm.qa.testcases.LoginPageTest" name="@BeforeMethod setUp" time="-1.684146291612E9">
    <skipped/>
  </testcase> <!-- @BeforeMethod setUp -->
  <testcase classname="com.crm.qa.testcases.LoginPageTest" name="@AfterMethod screenshotCapture" time="-1.684146291629E9">
    <skipped/>
  </testcase> <!-- @AfterMethod screenshotCapture -->
  <testcase classname="com.crm.qa.testcases.LoginPageTest" name="@AfterMethod tearDown" time="-1.684146291632E9">
    <skipped/>
  </testcase> <!-- @AfterMethod tearDown -->
  <testcase classname="com.crm.qa.base.TestBase" name="@AfterMethod checkStatus" time="-1.684146291637E9">
    <skipped/>
  </testcase> <!-- @AfterMethod checkStatus -->
  <testcase classname="com.crm.qa.testcases.LoginPageTest" name="loginPageTitleTest" time="0.0">
    <skipped/>
  </testcase> <!-- loginPageTitleTest -->
  <testcase classname="com.crm.qa.testcases.LoginPageTest" name="crmLogoImageTest" time="0.0">
    <skipped/>
  </testcase> <!-- crmLogoImageTest -->
  <testcase classname="com.crm.qa.testcases.LoginPageTest" name="clickOnLoginButtonTest" time="0.0">
    <skipped/>
  </testcase> <!-- clickOnLoginButtonTest -->
</testsuite> <!-- FreeCRM -->
